<?xml version="1.0" encoding="UTF-8"?>
<!-- Generated by org.testng.reporters.JUnitXMLReporter -->
<testsuite ignored="2" hostname="DESKTOP-GVG25OG" failures="0" tests="0" time="0.026" errors="0" timestamp="2024-12-12T21:59:24 IST">
  <testcase classname="rahulshettyacademy.Tests.ErrorValidations" name="LogInErrorValidation" time="0.0">
    <ignored/>
  </testcase> <!-- LogInErrorValidation -->
  <testcase classname="rahulshettyacademy.Tests.ErrorValidations" name="ProductErrorValidation" time="0.0">
    <ignored/>
  </testcase> <!-- ProductErrorValidation -->
</testsuite>
